<?xml version='1.0' encoding='UTF-8'?>
<testsuite hostname="chenghsien-ThinkCentre-M90" name="actorbintree.BinaryTreeSuite" tests="3" errors="0" failures="1" skipped="0" time="5.097">
                     <properties>
      <property name="jline.esc.timeout" value="0"/><property name="jna.platform.library.path" value="/usr/lib/x86_64-linux-gnu:/lib/x86_64-linux-gnu:/lib64:/usr/lib:/lib:/lib/i386-linux-gnu:/usr/lib/i386-linux-gnu:/usr/local/lib:/libx32:/lib32:/usr/libx32:/usr/lib32:/usr/lib/i386-linux-gnu/sse2:/usr/lib/x86_64-linux-gnu/libfakeroot:/usr/lib/x86_64-linux-gnu/mesa-egl:/usr/lib/x86_64-linux-gnu/mesa:/usr/lib/i386-linux-gnu/mesa"/><property name="java.runtime.name" value="Java(TM) SE Runtime Environment"/><property name="sun.boot.library.path" value="/home/chenghsien/jdk1.8.0_181/jre/lib/amd64"/><property name="java.vm.version" value="25.181-b13"/><property name="java.vm.vendor" value="Oracle Corporation"/><property name="java.vendor.url" value="http://java.oracle.com/"/><property name="path.separator" value=":"/><property name="jna.loaded" value="true"/><property name="java.vm.name" value="Java HotSpot(TM) 64-Bit Server VM"/><property name="file.encoding.pkg" value="sun.io"/><property name="user.country" value="TW"/><property name="sun.java.launcher" value="SUN_STANDARD"/><property name="sun.os.patch.level" value="unknown"/><property name="jna.nosys" value="true"/><property name="java.vm.specification.name" value="Java Virtual Machine Specification"/><property name="user.dir" value="/home/chenghsien/vsts/actorbintree"/><property name="java.runtime.version" value="1.8.0_181-b13"/><property name="java.awt.graphicsenv" value="sun.awt.X11GraphicsEnvironment"/><property name="java.endorsed.dirs" value="/home/chenghsien/jdk1.8.0_181/jre/lib/endorsed"/><property name="os.arch" value="amd64"/><property name="java.io.tmpdir" value="/tmp"/><property name="line.separator" value="
"/><property name="java.vm.specification.vendor" value="Oracle Corporation"/><property name="os.name" value="Linux"/><property name="sun.jnu.encoding" value="UTF-8"/><property name="jnidispatch.path" value="/tmp/jna-548049710/jna775055678171082945.tmp"/><property name="java.library.path" value="/usr/java/packages/lib/amd64:/usr/lib64:/lib64:/lib:/usr/lib"/><property name="java.specification.name" value="Java Platform API Specification"/><property name="java.class.version" value="52.0"/><property name="sun.management.compiler" value="HotSpot 64-Bit Tiered Compilers"/><property name="os.version" value="4.4.0-141-generic"/><property name="user.home" value="/home/chenghsien"/><property name="user.timezone" value="Asia/Taipei"/><property name="java.awt.printerjob" value="sun.print.PSPrinterJob"/><property name="file.encoding" value="UTF-8"/><property name="java.specification.version" value="1.8"/><property name="java.class.path" value="/bin/sbt/bin/sbt-launch.jar"/><property name="user.name" value="chenghsien"/><property name="jline.shutdownhook" value="false"/><property name="java.vm.specification.version" value="1.8"/><property name="sun.java.command" value="/bin/sbt/bin/sbt-launch.jar test"/><property name="java.home" value="/home/chenghsien/jdk1.8.0_181/jre"/><property name="sun.arch.data.model" value="64"/><property name="user.language" value="zh"/><property name="java.specification.vendor" value="Oracle Corporation"/><property name="awt.toolkit" value="sun.awt.X11.XToolkit"/><property name="java.vm.info" value="mixed mode"/><property name="java.version" value="1.8.0_181"/><property name="java.ext.dirs" value="/home/chenghsien/jdk1.8.0_181/jre/lib/ext:/usr/java/packages/lib/ext"/><property name="sun.boot.class.path" value="/home/chenghsien/jdk1.8.0_181/jre/lib/resources.jar:/home/chenghsien/jdk1.8.0_181/jre/lib/rt.jar:/home/chenghsien/jdk1.8.0_181/jre/lib/sunrsasign.jar:/home/chenghsien/jdk1.8.0_181/jre/lib/jsse.jar:/home/chenghsien/jdk1.8.0_181/jre/lib/jce.jar:/home/chenghsien/jdk1.8.0_181/jre/lib/charsets.jar:/home/chenghsien/jdk1.8.0_181/jre/lib/jfr.jar:/home/chenghsien/jdk1.8.0_181/jre/classes"/><property name="java.vendor" value="Oracle Corporation"/><property name="file.separator" value="/"/><property name="java.vendor.url.bug" value="http://bugreport.sun.com/bugreport/"/><property name="sun.io.unicode.encoding" value="UnicodeLittle"/><property name="sun.cpu.endian" value="little"/><property name="sun.desktop" value="gnome"/><property name="sun.cpu.isalist" value=""/>
    </properties>
                     <testcase classname="actorbintree.BinaryTreeSuite" name="proper inserts and lookups" time="0.03">
                                                 
                                               </testcase><testcase classname="actorbintree.BinaryTreeSuite" name="instruction example" time="0.019">
                                                 
                                               </testcase><testcase classname="actorbintree.BinaryTreeSuite" name="behave identically to built-in set (includes GC)" time="5.048">
                                                 <failure message="failure to receive confirmation 2/1000" type="org.scalatest.exceptions.TestFailedException">org.scalatest.exceptions.TestFailedException: failure to receive confirmation 2/1000
	at org.scalatest.Assertions$class.newAssertionFailedException(Assertions.scala:528)
	at actorbintree.BinaryTreeSuite.newAssertionFailedException(BinaryTreeSuite.scala:13)
	at org.scalatest.Assertions$class.fail(Assertions.scala:1105)
	at actorbintree.BinaryTreeSuite.fail(BinaryTreeSuite.scala:13)
	at actorbintree.BinaryTreeSuite$$anonfun$receiveN$1$$anonfun$4.apply(BinaryTreeSuite.scala:30)
	at actorbintree.BinaryTreeSuite$$anonfun$receiveN$1$$anonfun$4.apply(BinaryTreeSuite.scala:27)
	at scala.collection.TraversableLike$$anonfun$map$1.apply(TraversableLike.scala:234)
	at scala.collection.TraversableLike$$anonfun$map$1.apply(TraversableLike.scala:234)
	at scala.collection.immutable.Range.foreach(Range.scala:160)
	at scala.collection.TraversableLike$class.map(TraversableLike.scala:234)
	at scala.collection.AbstractTraversable.map(Traversable.scala:104)
	at actorbintree.BinaryTreeSuite$$anonfun$receiveN$1.apply$mcV$sp(BinaryTreeSuite.scala:27)
	at actorbintree.BinaryTreeSuite$$anonfun$receiveN$1.apply(BinaryTreeSuite.scala:26)
	at actorbintree.BinaryTreeSuite$$anonfun$receiveN$1.apply(BinaryTreeSuite.scala:26)
	at akka.testkit.TestKitBase$class.within(TestKit.scala:360)
	at akka.testkit.TestKit.within(TestKit.scala:896)
	at akka.testkit.TestKitBase$class.within(TestKit.scala:374)
	at akka.testkit.TestKit.within(TestKit.scala:896)
	at actorbintree.BinaryTreeSuite.receiveN(BinaryTreeSuite.scala:26)
	at actorbintree.BinaryTreeSuite$$anonfun$3.apply$mcV$sp(BinaryTreeSuite.scala:130)
	at actorbintree.BinaryTreeSuite$$anonfun$3.apply(BinaryTreeSuite.scala:89)
	at actorbintree.BinaryTreeSuite$$anonfun$3.apply(BinaryTreeSuite.scala:89)
	at org.scalatest.OutcomeOf$class.outcomeOf(OutcomeOf.scala:85)
	at org.scalatest.OutcomeOf$.outcomeOf(OutcomeOf.scala:104)
	at org.scalatest.Transformer.apply(Transformer.scala:22)
	at org.scalatest.Transformer.apply(Transformer.scala:20)
	at org.scalatest.FunSuiteLike$$anon$1.apply(FunSuiteLike.scala:186)
	at org.scalatest.TestSuite$class.withFixture(TestSuite.scala:196)
	at actorbintree.BinaryTreeSuite.withFixture(BinaryTreeSuite.scala:13)
	at org.scalatest.FunSuiteLike$class.invokeWithFixture$1(FunSuiteLike.scala:183)
	at org.scalatest.FunSuiteLike$$anonfun$runTest$1.apply(FunSuiteLike.scala:196)
	at org.scalatest.FunSuiteLike$$anonfun$runTest$1.apply(FunSuiteLike.scala:196)
	at org.scalatest.SuperEngine.runTestImpl(Engine.scala:289)
	at org.scalatest.FunSuiteLike$class.runTest(FunSuiteLike.scala:196)
	at actorbintree.BinaryTreeSuite.runTest(BinaryTreeSuite.scala:13)
	at org.scalatest.FunSuiteLike$$anonfun$runTests$1.apply(FunSuiteLike.scala:229)
	at org.scalatest.FunSuiteLike$$anonfun$runTests$1.apply(FunSuiteLike.scala:229)
	at org.scalatest.SuperEngine$$anonfun$traverseSubNodes$1$1.apply(Engine.scala:396)
	at org.scalatest.SuperEngine$$anonfun$traverseSubNodes$1$1.apply(Engine.scala:384)
	at scala.collection.immutable.List.foreach(List.scala:392)
	at org.scalatest.SuperEngine.traverseSubNodes$1(Engine.scala:384)
	at org.scalatest.SuperEngine.org$scalatest$SuperEngine$$runTestsInBranch(Engine.scala:379)
	at org.scalatest.SuperEngine.runTestsImpl(Engine.scala:461)
	at org.scalatest.FunSuiteLike$class.runTests(FunSuiteLike.scala:229)
	at actorbintree.BinaryTreeSuite.runTests(BinaryTreeSuite.scala:13)
	at org.scalatest.Suite$class.run(Suite.scala:1147)
	at actorbintree.BinaryTreeSuite.org$scalatest$FunSuiteLike$$super$run(BinaryTreeSuite.scala:13)
	at org.scalatest.FunSuiteLike$$anonfun$run$1.apply(FunSuiteLike.scala:233)
	at org.scalatest.FunSuiteLike$$anonfun$run$1.apply(FunSuiteLike.scala:233)
	at org.scalatest.SuperEngine.runImpl(Engine.scala:521)
	at org.scalatest.FunSuiteLike$class.run(FunSuiteLike.scala:233)
	at actorbintree.BinaryTreeSuite.org$scalatest$BeforeAndAfterAll$$super$run(BinaryTreeSuite.scala:13)
	at org.scalatest.BeforeAndAfterAll$class.liftedTree1$1(BeforeAndAfterAll.scala:213)
	at org.scalatest.BeforeAndAfterAll$class.run(BeforeAndAfterAll.scala:210)
	at actorbintree.BinaryTreeSuite.run(BinaryTreeSuite.scala:13)
	at org.scalatest.tools.Framework.org$scalatest$tools$Framework$$runSuite(Framework.scala:314)
	at org.scalatest.tools.Framework$ScalaTestTask.execute(Framework.scala:480)
	at sbt.TestRunner.runTest$1(TestFramework.scala:106)
	at sbt.TestRunner.run(TestFramework.scala:117)
	at sbt.TestFramework$$anon$2$$anonfun$$lessinit$greater$1.$anonfun$apply$1(TestFramework.scala:262)
	at sbt.TestFramework$.sbt$TestFramework$$withContextLoader(TestFramework.scala:233)
	at sbt.TestFramework$$anon$2$$anonfun$$lessinit$greater$1.apply(TestFramework.scala:262)
	at sbt.TestFramework$$anon$2$$anonfun$$lessinit$greater$1.apply(TestFramework.scala:262)
	at sbt.TestFunction.apply(TestFramework.scala:271)
	at sbt.Tests$.processRunnable$1(Tests.scala:307)
	at sbt.Tests$.$anonfun$makeSerial$1(Tests.scala:313)
	at sbt.std.Transform$$anon$3.$anonfun$apply$2(System.scala:46)
	at sbt.std.Transform$$anon$4.work(System.scala:66)
	at sbt.Execute.$anonfun$submit$2(Execute.scala:263)
	at sbt.internal.util.ErrorHandling$.wideConvert(ErrorHandling.scala:16)
	at sbt.Execute.work(Execute.scala:272)
	at sbt.Execute.$anonfun$submit$1(Execute.scala:263)
	at sbt.ConcurrentRestrictions$$anon$4.$anonfun$submitValid$1(ConcurrentRestrictions.scala:174)
	at sbt.CompletionService$$anon$2.call(CompletionService.scala:37)
	at java.util.concurrent.FutureTask.run(FutureTask.java:266)
	at java.util.concurrent.Executors$RunnableAdapter.call(Executors.java:511)
	at java.util.concurrent.FutureTask.run(FutureTask.java:266)
	at java.util.concurrent.ThreadPoolExecutor.runWorker(ThreadPoolExecutor.java:1149)
	at java.util.concurrent.ThreadPoolExecutor$Worker.run(ThreadPoolExecutor.java:624)
	at java.lang.Thread.run(Thread.java:748)
Caused by: java.lang.AssertionError: assertion failed: timeout (4999850282 nanoseconds) during expectMsgClass waiting for interface actorbintree.BinaryTreeSet$OperationReply
	at scala.Predef$.assert(Predef.scala:170)
	at akka.testkit.TestKitBase$class.expectMsgClass_internal(TestKit.scala:509)
	at akka.testkit.TestKitBase$class.expectMsgType(TestKit.scala:482)
	at akka.testkit.TestKit.expectMsgType(TestKit.scala:896)
	at actorbintree.BinaryTreeSuite$$anonfun$receiveN$1$$anonfun$4.apply(BinaryTreeSuite.scala:28)
	... 75 more
</failure>
                                               </testcase>
                     <system-out><![CDATA[]]></system-out>
                     <system-err><![CDATA[]]></system-err>
                   </testsuite>